<?xml version="1.0" encoding="UTF-8"?>
<testsuite xmlns:xsi="http://www.w3.org/2001/XMLSchema-instance" xsi:noNamespaceSchemaLocation="https://maven.apache.org/surefire/maven-surefire-plugin/xsd/surefire-test-report.xsd" name="apitest.apibasis.NeoFeedTest" time="17.399" tests="10" errors="0" skipped="0" failures="3">
  <properties>
    <property name="java.specification.version" value="21"/>
    <property name="sun.cpu.isalist" value="amd64"/>
    <property name="sun.jnu.encoding" value="Cp1252"/>
    <property name="java.class.path" value="C:\Users\hari7\IdeaProjects\Basis_Take Home Assignment\Basis_Take Home Assignment\apibasis\target\test-classes;C:\Users\hari7\IdeaProjects\Basis_Take Home Assignment\Basis_Take Home Assignment\apibasis\target\classes;C:\Users\hari7\.m2\repository\junit\junit\4.11\junit-4.11.jar;C:\Users\hari7\.m2\repository\org\hamcrest\hamcrest-core\1.3\hamcrest-core-1.3.jar;C:\Users\hari7\.m2\repository\org\testng\testng\6.14.2\testng-6.14.2.jar;C:\Users\hari7\.m2\repository\com\beust\jcommander\1.72\jcommander-1.72.jar;C:\Users\hari7\.m2\repository\org\apache-extras\beanshell\bsh\2.0b6\bsh-2.0b6.jar;C:\Users\hari7\.m2\repository\io\rest-assured\rest-assured\4.2.0\rest-assured-4.2.0.jar;C:\Users\hari7\.m2\repository\org\codehaus\groovy\groovy-xml\2.5.8\groovy-xml-2.5.8.jar;C:\Users\hari7\.m2\repository\org\apache\httpcomponents\httpclient\4.5.3\httpclient-4.5.3.jar;C:\Users\hari7\.m2\repository\commons-logging\commons-logging\1.2\commons-logging-1.2.jar;C:\Users\hari7\.m2\repository\commons-codec\commons-codec\1.9\commons-codec-1.9.jar;C:\Users\hari7\.m2\repository\org\apache\httpcomponents\httpmime\4.5.3\httpmime-4.5.3.jar;C:\Users\hari7\.m2\repository\org\hamcrest\hamcrest\2.1\hamcrest-2.1.jar;C:\Users\hari7\.m2\repository\org\ccil\cowan\tagsoup\tagsoup\1.2.1\tagsoup-1.2.1.jar;C:\Users\hari7\.m2\repository\io\rest-assured\json-path\4.2.0\json-path-4.2.0.jar;C:\Users\hari7\.m2\repository\io\rest-assured\rest-assured-common\4.2.0\rest-assured-common-4.2.0.jar;C:\Users\hari7\.m2\repository\io\rest-assured\xml-path\4.2.0\xml-path-4.2.0.jar;C:\Users\hari7\.m2\repository\org\apache\commons\commons-lang3\3.4\commons-lang3-3.4.jar;C:\Users\hari7\.m2\repository\com\sun\xml\bind\jaxb-osgi\2.3.0.1\jaxb-osgi-2.3.0.1.jar;C:\Users\hari7\.m2\repository\org\apache\sling\org.apache.sling.javax.activation\0.1.0\org.apache.sling.javax.activation-0.1.0.jar;C:\Users\hari7\.m2\repository\javax\activation\activation\1.1.1\activation-1.1.1.jar;C:\Users\hari7\.m2\repository\com\google\code\gson\gson\2.6.2\gson-2.6.2.jar;C:\Users\hari7\.m2\repository\com\jayway\restassured\rest-assured\2.9.0\rest-assured-2.9.0.jar;C:\Users\hari7\.m2\repository\org\hamcrest\hamcrest-library\1.3\hamcrest-library-1.3.jar;C:\Users\hari7\.m2\repository\com\jayway\restassured\json-path\2.9.0\json-path-2.9.0.jar;C:\Users\hari7\.m2\repository\com\jayway\restassured\rest-assured-common\2.9.0\rest-assured-common-2.9.0.jar;C:\Users\hari7\.m2\repository\com\jayway\restassured\xml-path\2.9.0\xml-path-2.9.0.jar;C:\Users\hari7\.m2\repository\jakarta\xml\bind\jakarta.xml.bind-api\2.3.2\jakarta.xml.bind-api-2.3.2.jar;C:\Users\hari7\.m2\repository\jakarta\activation\jakarta.activation-api\1.2.1\jakarta.activation-api-1.2.1.jar;C:\Users\hari7\.m2\repository\org\apache\httpcomponents\httpcore\4.4.6\httpcore-4.4.6.jar;C:\Users\hari7\.m2\repository\org\glassfish\jaxb\jaxb-runtime\2.3.2\jaxb-runtime-2.3.2.jar;C:\Users\hari7\.m2\repository\org\glassfish\jaxb\txw2\2.3.2\txw2-2.3.2.jar;C:\Users\hari7\.m2\repository\com\sun\istack\istack-commons-runtime\3.0.8\istack-commons-runtime-3.0.8.jar;C:\Users\hari7\.m2\repository\org\jvnet\staxex\stax-ex\1.8.1\stax-ex-1.8.1.jar;C:\Users\hari7\.m2\repository\com\sun\xml\fastinfoset\FastInfoset\1.2.16\FastInfoset-1.2.16.jar;C:\Users\hari7\.m2\repository\org\codehaus\groovy\groovy-ant\3.0.8\groovy-ant-3.0.8.jar;C:\Users\hari7\.m2\repository\org\apache\ant\ant\1.10.9\ant-1.10.9.jar;C:\Users\hari7\.m2\repository\org\apache\ant\ant-junit\1.10.9\ant-junit-1.10.9.jar;C:\Users\hari7\.m2\repository\org\apache\ant\ant-launcher\1.10.9\ant-launcher-1.10.9.jar;C:\Users\hari7\.m2\repository\org\apache\ant\ant-antlr\1.10.9\ant-antlr-1.10.9.jar;C:\Users\hari7\.m2\repository\org\codehaus\groovy\groovy-astbuilder\3.0.8\groovy-astbuilder-3.0.8.jar;C:\Users\hari7\.m2\repository\org\codehaus\groovy\groovy-cli-picocli\3.0.8\groovy-cli-picocli-3.0.8.jar;C:\Users\hari7\.m2\repository\info\picocli\picocli\4.5.2\picocli-4.5.2.jar;C:\Users\hari7\.m2\repository\org\codehaus\groovy\groovy-console\3.0.8\groovy-console-3.0.8.jar;C:\Users\hari7\.m2\repository\org\codehaus\groovy\groovy-datetime\3.0.8\groovy-datetime-3.0.8.jar;C:\Users\hari7\.m2\repository\org\codehaus\groovy\groovy-docgenerator\3.0.8\groovy-docgenerator-3.0.8.jar;C:\Users\hari7\.m2\repository\com\thoughtworks\qdox\qdox\1.12.1\qdox-1.12.1.jar;C:\Users\hari7\.m2\repository\org\codehaus\groovy\groovy-groovydoc\3.0.8\groovy-groovydoc-3.0.8.jar;C:\Users\hari7\.m2\repository\com\github\javaparser\javaparser-core\3.18.0\javaparser-core-3.18.0.jar;C:\Users\hari7\.m2\repository\org\codehaus\groovy\groovy-groovysh\3.0.8\groovy-groovysh-3.0.8.jar;C:\Users\hari7\.m2\repository\jline\jline\2.14.6\jline-2.14.6.jar;C:\Users\hari7\.m2\repository\org\codehaus\groovy\groovy-jmx\3.0.8\groovy-jmx-3.0.8.jar;C:\Users\hari7\.m2\repository\org\codehaus\groovy\groovy-jsr223\3.0.8\groovy-jsr223-3.0.8.jar;C:\Users\hari7\.m2\repository\org\codehaus\groovy\groovy-macro\3.0.8\groovy-macro-3.0.8.jar;C:\Users\hari7\.m2\repository\org\codehaus\groovy\groovy-nio\3.0.8\groovy-nio-3.0.8.jar;C:\Users\hari7\.m2\repository\org\codehaus\groovy\groovy-servlet\3.0.8\groovy-servlet-3.0.8.jar;C:\Users\hari7\.m2\repository\org\codehaus\groovy\groovy-sql\3.0.8\groovy-sql-3.0.8.jar;C:\Users\hari7\.m2\repository\org\codehaus\groovy\groovy-swing\3.0.8\groovy-swing-3.0.8.jar;C:\Users\hari7\.m2\repository\org\codehaus\groovy\groovy-templates\3.0.8\groovy-templates-3.0.8.jar;C:\Users\hari7\.m2\repository\org\codehaus\groovy\groovy-test\3.0.8\groovy-test-3.0.8.jar;C:\Users\hari7\.m2\repository\org\codehaus\groovy\groovy-test-junit5\3.0.8\groovy-test-junit5-3.0.8.jar;C:\Users\hari7\.m2\repository\org\junit\jupiter\junit-jupiter-api\5.7.0\junit-jupiter-api-5.7.0.jar;C:\Users\hari7\.m2\repository\org\opentest4j\opentest4j\1.2.0\opentest4j-1.2.0.jar;C:\Users\hari7\.m2\repository\org\junit\platform\junit-platform-launcher\1.7.0\junit-platform-launcher-1.7.0.jar;C:\Users\hari7\.m2\repository\org\junit\platform\junit-platform-engine\1.7.0\junit-platform-engine-1.7.0.jar;C:\Users\hari7\.m2\repository\org\junit\platform\junit-platform-commons\1.7.0\junit-platform-commons-1.7.0.jar;C:\Users\hari7\.m2\repository\org\junit\jupiter\junit-jupiter-engine\5.7.0\junit-jupiter-engine-5.7.0.jar;C:\Users\hari7\.m2\repository\org\codehaus\groovy\groovy-testng\3.0.8\groovy-testng-3.0.8.jar;C:\Users\hari7\.m2\repository\org\codehaus\groovy\groovy\3.0.8\groovy-3.0.8.jar;C:\Users\hari7\.m2\repository\org\codehaus\groovy\groovy-json\3.0.8\groovy-json-3.0.8.jar;C:\Users\hari7\.m2\repository\dom4j\dom4j\1.6\dom4j-1.6.jar;C:\Users\hari7\.m2\repository\xml-apis\xml-apis\1.0.b2\xml-apis-1.0.b2.jar;C:\Users\hari7\.m2\repository\org\w3c\dom\2.3.0-jaxb-1.0.6\dom-2.3.0-jaxb-1.0.6.jar;C:\Users\hari7\.m2\repository\org\json\json\20211205\json-20211205.jar;"/>
    <property name="java.vm.vendor" value="Oracle Corporation"/>
    <property name="sun.arch.data.model" value="64"/>
    <property name="user.variant" value=""/>
    <property name="java.vendor.url" value="https://java.oracle.com/"/>
    <property name="user.timezone" value="Asia/Calcutta"/>
    <property name="os.name" value="Windows 11"/>
    <property name="java.vm.specification.version" value="21"/>
    <property name="sun.java.launcher" value="SUN_STANDARD"/>
    <property name="user.country" value="US"/>
    <property name="sun.boot.library.path" value="C:\Program Files\Java\jdk-21\bin"/>
    <property name="sun.java.command" value="C:\Users\hari7\AppData\Local\Temp\surefire1312360732899209660\surefirebooter15039503060530060387.jar C:\Users\hari7\AppData\Local\Temp\surefire1312360732899209660 2024-01-31T18-15-41_894-jvmRun1 surefire15299559177069259801tmp surefire_018372324657329517611tmp"/>
    <property name="jdk.debug" value="release"/>
    <property name="surefire.test.class.path" value="C:\Users\hari7\IdeaProjects\Basis_Take Home Assignment\Basis_Take Home Assignment\apibasis\target\test-classes;C:\Users\hari7\IdeaProjects\Basis_Take Home Assignment\Basis_Take Home Assignment\apibasis\target\classes;C:\Users\hari7\.m2\repository\junit\junit\4.11\junit-4.11.jar;C:\Users\hari7\.m2\repository\org\hamcrest\hamcrest-core\1.3\hamcrest-core-1.3.jar;C:\Users\hari7\.m2\repository\org\testng\testng\6.14.2\testng-6.14.2.jar;C:\Users\hari7\.m2\repository\com\beust\jcommander\1.72\jcommander-1.72.jar;C:\Users\hari7\.m2\repository\org\apache-extras\beanshell\bsh\2.0b6\bsh-2.0b6.jar;C:\Users\hari7\.m2\repository\io\rest-assured\rest-assured\4.2.0\rest-assured-4.2.0.jar;C:\Users\hari7\.m2\repository\org\codehaus\groovy\groovy-xml\2.5.8\groovy-xml-2.5.8.jar;C:\Users\hari7\.m2\repository\org\apache\httpcomponents\httpclient\4.5.3\httpclient-4.5.3.jar;C:\Users\hari7\.m2\repository\commons-logging\commons-logging\1.2\commons-logging-1.2.jar;C:\Users\hari7\.m2\repository\commons-codec\commons-codec\1.9\commons-codec-1.9.jar;C:\Users\hari7\.m2\repository\org\apache\httpcomponents\httpmime\4.5.3\httpmime-4.5.3.jar;C:\Users\hari7\.m2\repository\org\hamcrest\hamcrest\2.1\hamcrest-2.1.jar;C:\Users\hari7\.m2\repository\org\ccil\cowan\tagsoup\tagsoup\1.2.1\tagsoup-1.2.1.jar;C:\Users\hari7\.m2\repository\io\rest-assured\json-path\4.2.0\json-path-4.2.0.jar;C:\Users\hari7\.m2\repository\io\rest-assured\rest-assured-common\4.2.0\rest-assured-common-4.2.0.jar;C:\Users\hari7\.m2\repository\io\rest-assured\xml-path\4.2.0\xml-path-4.2.0.jar;C:\Users\hari7\.m2\repository\org\apache\commons\commons-lang3\3.4\commons-lang3-3.4.jar;C:\Users\hari7\.m2\repository\com\sun\xml\bind\jaxb-osgi\2.3.0.1\jaxb-osgi-2.3.0.1.jar;C:\Users\hari7\.m2\repository\org\apache\sling\org.apache.sling.javax.activation\0.1.0\org.apache.sling.javax.activation-0.1.0.jar;C:\Users\hari7\.m2\repository\javax\activation\activation\1.1.1\activation-1.1.1.jar;C:\Users\hari7\.m2\repository\com\google\code\gson\gson\2.6.2\gson-2.6.2.jar;C:\Users\hari7\.m2\repository\com\jayway\restassured\rest-assured\2.9.0\rest-assured-2.9.0.jar;C:\Users\hari7\.m2\repository\org\hamcrest\hamcrest-library\1.3\hamcrest-library-1.3.jar;C:\Users\hari7\.m2\repository\com\jayway\restassured\json-path\2.9.0\json-path-2.9.0.jar;C:\Users\hari7\.m2\repository\com\jayway\restassured\rest-assured-common\2.9.0\rest-assured-common-2.9.0.jar;C:\Users\hari7\.m2\repository\com\jayway\restassured\xml-path\2.9.0\xml-path-2.9.0.jar;C:\Users\hari7\.m2\repository\jakarta\xml\bind\jakarta.xml.bind-api\2.3.2\jakarta.xml.bind-api-2.3.2.jar;C:\Users\hari7\.m2\repository\jakarta\activation\jakarta.activation-api\1.2.1\jakarta.activation-api-1.2.1.jar;C:\Users\hari7\.m2\repository\org\apache\httpcomponents\httpcore\4.4.6\httpcore-4.4.6.jar;C:\Users\hari7\.m2\repository\org\glassfish\jaxb\jaxb-runtime\2.3.2\jaxb-runtime-2.3.2.jar;C:\Users\hari7\.m2\repository\org\glassfish\jaxb\txw2\2.3.2\txw2-2.3.2.jar;C:\Users\hari7\.m2\repository\com\sun\istack\istack-commons-runtime\3.0.8\istack-commons-runtime-3.0.8.jar;C:\Users\hari7\.m2\repository\org\jvnet\staxex\stax-ex\1.8.1\stax-ex-1.8.1.jar;C:\Users\hari7\.m2\repository\com\sun\xml\fastinfoset\FastInfoset\1.2.16\FastInfoset-1.2.16.jar;C:\Users\hari7\.m2\repository\org\codehaus\groovy\groovy-ant\3.0.8\groovy-ant-3.0.8.jar;C:\Users\hari7\.m2\repository\org\apache\ant\ant\1.10.9\ant-1.10.9.jar;C:\Users\hari7\.m2\repository\org\apache\ant\ant-junit\1.10.9\ant-junit-1.10.9.jar;C:\Users\hari7\.m2\repository\org\apache\ant\ant-launcher\1.10.9\ant-launcher-1.10.9.jar;C:\Users\hari7\.m2\repository\org\apache\ant\ant-antlr\1.10.9\ant-antlr-1.10.9.jar;C:\Users\hari7\.m2\repository\org\codehaus\groovy\groovy-astbuilder\3.0.8\groovy-astbuilder-3.0.8.jar;C:\Users\hari7\.m2\repository\org\codehaus\groovy\groovy-cli-picocli\3.0.8\groovy-cli-picocli-3.0.8.jar;C:\Users\hari7\.m2\repository\info\picocli\picocli\4.5.2\picocli-4.5.2.jar;C:\Users\hari7\.m2\repository\org\codehaus\groovy\groovy-console\3.0.8\groovy-console-3.0.8.jar;C:\Users\hari7\.m2\repository\org\codehaus\groovy\groovy-datetime\3.0.8\groovy-datetime-3.0.8.jar;C:\Users\hari7\.m2\repository\org\codehaus\groovy\groovy-docgenerator\3.0.8\groovy-docgenerator-3.0.8.jar;C:\Users\hari7\.m2\repository\com\thoughtworks\qdox\qdox\1.12.1\qdox-1.12.1.jar;C:\Users\hari7\.m2\repository\org\codehaus\groovy\groovy-groovydoc\3.0.8\groovy-groovydoc-3.0.8.jar;C:\Users\hari7\.m2\repository\com\github\javaparser\javaparser-core\3.18.0\javaparser-core-3.18.0.jar;C:\Users\hari7\.m2\repository\org\codehaus\groovy\groovy-groovysh\3.0.8\groovy-groovysh-3.0.8.jar;C:\Users\hari7\.m2\repository\jline\jline\2.14.6\jline-2.14.6.jar;C:\Users\hari7\.m2\repository\org\codehaus\groovy\groovy-jmx\3.0.8\groovy-jmx-3.0.8.jar;C:\Users\hari7\.m2\repository\org\codehaus\groovy\groovy-jsr223\3.0.8\groovy-jsr223-3.0.8.jar;C:\Users\hari7\.m2\repository\org\codehaus\groovy\groovy-macro\3.0.8\groovy-macro-3.0.8.jar;C:\Users\hari7\.m2\repository\org\codehaus\groovy\groovy-nio\3.0.8\groovy-nio-3.0.8.jar;C:\Users\hari7\.m2\repository\org\codehaus\groovy\groovy-servlet\3.0.8\groovy-servlet-3.0.8.jar;C:\Users\hari7\.m2\repository\org\codehaus\groovy\groovy-sql\3.0.8\groovy-sql-3.0.8.jar;C:\Users\hari7\.m2\repository\org\codehaus\groovy\groovy-swing\3.0.8\groovy-swing-3.0.8.jar;C:\Users\hari7\.m2\repository\org\codehaus\groovy\groovy-templates\3.0.8\groovy-templates-3.0.8.jar;C:\Users\hari7\.m2\repository\org\codehaus\groovy\groovy-test\3.0.8\groovy-test-3.0.8.jar;C:\Users\hari7\.m2\repository\org\codehaus\groovy\groovy-test-junit5\3.0.8\groovy-test-junit5-3.0.8.jar;C:\Users\hari7\.m2\repository\org\junit\jupiter\junit-jupiter-api\5.7.0\junit-jupiter-api-5.7.0.jar;C:\Users\hari7\.m2\repository\org\opentest4j\opentest4j\1.2.0\opentest4j-1.2.0.jar;C:\Users\hari7\.m2\repository\org\junit\platform\junit-platform-launcher\1.7.0\junit-platform-launcher-1.7.0.jar;C:\Users\hari7\.m2\repository\org\junit\platform\junit-platform-engine\1.7.0\junit-platform-engine-1.7.0.jar;C:\Users\hari7\.m2\repository\org\junit\platform\junit-platform-commons\1.7.0\junit-platform-commons-1.7.0.jar;C:\Users\hari7\.m2\repository\org\junit\jupiter\junit-jupiter-engine\5.7.0\junit-jupiter-engine-5.7.0.jar;C:\Users\hari7\.m2\repository\org\codehaus\groovy\groovy-testng\3.0.8\groovy-testng-3.0.8.jar;C:\Users\hari7\.m2\repository\org\codehaus\groovy\groovy\3.0.8\groovy-3.0.8.jar;C:\Users\hari7\.m2\repository\org\codehaus\groovy\groovy-json\3.0.8\groovy-json-3.0.8.jar;C:\Users\hari7\.m2\repository\dom4j\dom4j\1.6\dom4j-1.6.jar;C:\Users\hari7\.m2\repository\xml-apis\xml-apis\1.0.b2\xml-apis-1.0.b2.jar;C:\Users\hari7\.m2\repository\org\w3c\dom\2.3.0-jaxb-1.0.6\dom-2.3.0-jaxb-1.0.6.jar;C:\Users\hari7\.m2\repository\org\json\json\20211205\json-20211205.jar;"/>
    <property name="sun.cpu.endian" value="little"/>
    <property name="user.home" value="C:\Users\hari7"/>
    <property name="user.language" value="en"/>
    <property name="java.specification.vendor" value="Oracle Corporation"/>
    <property name="java.version.date" value="2024-01-16"/>
    <property name="java.home" value="C:\Program Files\Java\jdk-21"/>
    <property name="file.separator" value="\"/>
    <property name="basedir" value="C:\Users\hari7\IdeaProjects\Basis_Take Home Assignment\Basis_Take Home Assignment\apibasis"/>
    <property name="java.vm.compressedOopsMode" value="Zero based"/>
    <property name="line.separator" value="&#10;"/>
    <property name="java.vm.specification.vendor" value="Oracle Corporation"/>
    <property name="java.specification.name" value="Java Platform API Specification"/>
    <property name="surefire.real.class.path" value="C:\Users\hari7\AppData\Local\Temp\surefire1312360732899209660\surefirebooter15039503060530060387.jar"/>
    <property name="user.script" value=""/>
    <property name="sun.management.compiler" value="HotSpot 64-Bit Tiered Compilers"/>
    <property name="java.runtime.version" value="21.0.2+13-LTS-58"/>
    <property name="user.name" value="hari7"/>
    <property name="stdout.encoding" value="Cp1252"/>
    <property name="path.separator" value=";"/>
    <property name="os.version" value="10.0"/>
    <property name="java.runtime.name" value="Java(TM) SE Runtime Environment"/>
    <property name="file.encoding" value="UTF-8"/>
    <property name="java.vm.name" value="Java HotSpot(TM) 64-Bit Server VM"/>
    <property name="localRepository" value="C:\Users\hari7\.m2\repository"/>
    <property name="java.vendor.url.bug" value="https://bugreport.java.com/bugreport/"/>
    <property name="java.io.tmpdir" value="C:\Users\hari7\AppData\Local\Temp\"/>
    <property name="java.version" value="21.0.2"/>
    <property name="user.dir" value="C:\Users\hari7\IdeaProjects\Basis_Take Home Assignment\Basis_Take Home Assignment\apibasis"/>
    <property name="os.arch" value="amd64"/>
    <property name="java.vm.specification.name" value="Java Virtual Machine Specification"/>
    <property name="SkipTest" value="true"/>
    <property name="sun.os.patch.level" value=""/>
    <property name="native.encoding" value="Cp1252"/>
    <property name="java.library.path" value="C:\Program Files\Java\jdk-21\bin;C:\WINDOWS\Sun\Java\bin;C:\WINDOWS\system32;C:\WINDOWS;C:\Program Files\Common Files\Oracle\Java\javapath;C:\WINDOWS\system32;C:\WINDOWS;C:\WINDOWS\System32\Wbem;C:\WINDOWS\System32\WindowsPowerShell\v1.0\;C:\WINDOWS\System32\OpenSSH\;C:\Program Files\nodejs\;C:\Program Files\Git\cmd;C:\Users\hari7\AppData\Local\Microsoft\WindowsApps;C:\Users\hari7\AppData\Local\JetBrains\IntelliJ IDEA 2023.3.2\bin;;C:\Users\hari7\AppData\Local\JetBrains\IntelliJ IDEA Community Edition 2023.3.2\bin;;C:\Users\hari7\Downloads\apache-maven-3.9.6-bin\apache-maven-3.9.6\bin;;."/>
    <property name="java.vm.info" value="mixed mode, sharing"/>
    <property name="stderr.encoding" value="Cp1252"/>
    <property name="java.vendor" value="Oracle Corporation"/>
    <property name="java.vm.version" value="21.0.2+13-LTS-58"/>
    <property name="sun.io.unicode.encoding" value="UnicodeLittle"/>
    <property name="java.class.version" value="65.0"/>
  </properties>
  <testcase name="verifyWithoutStartDateAndEndDate" classname="apitest.apibasis.NeoFeedTest" time="3.924"/>
  <testcase name="verifyWithoutStartDate" classname="apitest.apibasis.NeoFeedTest" time="1.072"/>
  <testcase name="verifyWithoutEndDate" classname="apitest.apibasis.NeoFeedTest" time="2.195"/>
  <testcase name="verifySwappedStartDateAndEndDate" classname="apitest.apibasis.NeoFeedTest" time="1.823"/>
  <testcase name="verifyInvalidDateFormat" classname="apitest.apibasis.NeoFeedTest" time="1.66">
    <failure message="1 expectation failed.&#10;JSON path error_message doesn&apos;t match.&#10;Expected: Date Format Exception - Expected format (yyyy-mm-dd) - Invalid_Date_Format - Unparseable date: \&quot;Invalid_Date_Format\&quot;&#10;  Actual: Date Format Exception - Expected format (yyyy-mm-dd) - Invalid_Date_Format&#10;" type="java.lang.AssertionError">java.lang.AssertionError: 
1 expectation failed.
JSON path error_message doesn't match.
Expected: Date Format Exception - Expected format (yyyy-mm-dd) - Invalid_Date_Format - Unparseable date: \"Invalid_Date_Format\"
  Actual: Date Format Exception - Expected format (yyyy-mm-dd) - Invalid_Date_Format

	at apitest.apibasis.NeoFeedTest.verifyInvalidDateFormat(NeoFeedTest.java:70)
</failure>
  </testcase>
  <testcase name="verifyUsingInvalidAPIKey" classname="apitest.apibasis.NeoFeedTest" time="0.889"/>
  <testcase name="verifyWithoutAPIKey" classname="apitest.apibasis.NeoFeedTest" time="0.922"/>
  <testcase name="verifyUsingValidStartDateAndEndDate" classname="apitest.apibasis.NeoFeedTest" time="1.353"/>
  <testcase name="verifyUsingValidTestDetails" classname="apitest.apibasis.NeoFeedTest" time="1.287">
    <failure message="Unable to make field private final int java.time.LocalDate.year accessible: module java.base does not &quot;opens java.time&quot; to unnamed module @58ceff1" type="java.lang.reflect.InaccessibleObjectException">java.lang.reflect.InaccessibleObjectException: Unable to make field private final int java.time.LocalDate.year accessible: module java.base does not "opens java.time" to unnamed module @58ceff1
	at apitest.apibasis.NeoFeedTest.verifyUsingValidTestDetails(NeoFeedTest.java:116)
</failure>
  </testcase>
  <testcase name="verifyUsingValidTestDetails" classname="apitest.apibasis.NeoFeedTest" time="1.792">
    <failure message="Unable to make field private final int java.time.LocalDate.year accessible: module java.base does not &quot;opens java.time&quot; to unnamed module @58ceff1" type="java.lang.reflect.InaccessibleObjectException">java.lang.reflect.InaccessibleObjectException: Unable to make field private final int java.time.LocalDate.year accessible: module java.base does not "opens java.time" to unnamed module @58ceff1
	at apitest.apibasis.NeoFeedTest.verifyUsingValidTestDetails(NeoFeedTest.java:116)
</failure>
  </testcase>
</testsuite>