<?xml version="1.0" encoding="UTF-8"?>
<!-- Generated by org.testng.reporters.JUnitReportReporter -->
<testsuite hostname="LAPTOP-M7NDOE15" failures="0" tests="1" name="apitest.apibasis.AppTest" time="6.155" errors="0" timestamp="2022-01-09T09:34:31 IST" skipped="0">
  <testcase classname="apitest.apibasis.AppTest" name="getResponseForWrongDateEntry" time="6.155"/>
</testsuite> <!-- apitest.apibasis.AppTest -->
