<?xml version="1.0" encoding="UTF-8"?>
<!-- Generated by org.testng.reporters.JUnitReportReporter -->
<testsuite hostname="Vostra-5402" failures="0" tests="10" name="apitest.apibasis.NeoFeedTest" time="41.059" errors="0" timestamp="2022-01-09T09:47:45 EST" skipped="0">
  <testcase classname="apitest.apibasis.NeoFeedTest" name="verifyWithoutStartDateAndEndDate" time="2.099"/>
  <system-out/>
  <testcase classname="apitest.apibasis.NeoFeedTest" name="verifyWithoutStartDate" time="0.387"/>
  <system-out/>
  <testcase classname="apitest.apibasis.NeoFeedTest" name="verifyWithoutEndDate" time="17.088"/>
  <system-out/>
  <testcase classname="apitest.apibasis.NeoFeedTest" name="verifySwappedStartDateAndEndDate" time="5.306"/>
  <system-out/>
  <testcase classname="apitest.apibasis.NeoFeedTest" name="verifyInvalidDateFormat" time="0.772"/>
  <system-out/>
  <testcase classname="apitest.apibasis.NeoFeedTest" name="verifyUsingInvalidAPIKey" time="0.351"/>
  <system-out/>
  <testcase classname="apitest.apibasis.NeoFeedTest" name="verifyWithoutAPIKey" time="0.325"/>
  <system-out/>
  <testcase classname="apitest.apibasis.NeoFeedTest" name="verifyUsingValidStartDateAndEndDate" time="0.367"/>
  <system-out/>
  <testcase classname="apitest.apibasis.NeoFeedTest" name="verifyUsingValidTestDetails" time="13.911"/>
  <system-out/>
  <testcase classname="apitest.apibasis.NeoFeedTest" name="verifyUsingValidTestDetails" time="0.453"/>
  <system-out/>
</testsuite> <!-- apitest.apibasis.NeoFeedTest -->
